# JRE version: OpenJDK Runtime Environment (21.0.9) (build 21.0.9+-14787801-b1163.94)
# Java VM: OpenJDK 64-Bit Server VM (21.0.9+-14787801-b1163.94, mixed mode, tiered, compressed oops, compressed class ptrs, g1 gc, windows-amd64)
GC Precious Log:
 CardTable entry size: 512
 Card Set container configuration: InlinePtr #cards 5 size 8 Array Of Cards #cards 12 size 40 Howl #buckets 4 coarsen threshold 1843 Howl Bitmap #cards 512 size 80 coarsen threshold 460 Card regions per heap region 1 cards per card region 2048
 CPUs: 12 total, 12 available
 Memory: 7501M
 Large Page Support: Disabled
 NUMA Support: Disabled
 Compressed Oops: Enabled (32-bit)
 Heap Region Size: 1M
 Heap Min Capacity: 8M
 Heap Initial Capacity: 118M
 Heap Max Capacity: 1876M
 Pre-touch: Disabled
 Parallel Workers: 10
 Concurrent Workers: 3
 Concurrent Refinement Workers: 10
 Periodic GC: Disabled
Heap:
 garbage-first heap   total 123904K, used 64241K [0x000000008ac00000, 0x0000000100000000)
  region size 1024K, 3 young (3072K), 3 survivors (3072K)
 Metaspace       used 60046K, committed 60416K, reserved 1114112K
  class space    used 6988K, committed 7168K, reserved 1048576K
GC Heap History (20 events):
Event: 9.250 GC heap after
{Heap after GC invocations=14 (full 0):
 garbage-first heap   total 54272K, used 24928K [0x000000008ac00000, 0x0000000100000000)
  region size 1024K, 3 young (3072K), 3 survivors (3072K)
 Metaspace       used 48898K, committed 49216K, reserved 1114112K
  class space    used 5844K, committed 5952K, reserved 1048576K
}
Event: 9.902 GC heap before
{Heap before GC invocations=14 (full 0):
 garbage-first heap   total 54272K, used 46432K [0x000000008ac00000, 0x0000000100000000)
  region size 1024K, 24 young (24576K), 3 survivors (3072K)
 Metaspace       used 51111K, committed 51456K, reserved 1114112K
  class space    used 6074K, committed 6208K, reserved 1048576K
}
Event: 9.917 GC heap after
{Heap after GC invocations=15 (full 0):
 garbage-first heap   total 54272K, used 29653K [0x000000008ac00000, 0x0000000100000000)
  region size 1024K, 3 young (3072K), 3 survivors (3072K)
 Metaspace       used 51111K, committed 51456K, reserved 1114112K
  class space    used 6074K, committed 6208K, reserved 1048576K
}
Event: 10.440 GC heap before
{Heap before GC invocations=15 (full 0):
 garbage-first heap   total 54272K, used 45013K [0x000000008ac00000, 0x0000000100000000)
  region size 1024K, 19 young (19456K), 3 survivors (3072K)
 Metaspace       used 53809K, committed 54080K, reserved 1114112K
  class space    used 6358K, committed 6464K, reserved 1048576K
}
Event: 10.457 GC heap after
{Heap after GC invocations=16 (full 0):
 garbage-first heap   total 54272K, used 32931K [0x000000008ac00000, 0x0000000100000000)
  region size 1024K, 3 young (3072K), 3 survivors (3072K)
 Metaspace       used 53809K, committed 54080K, reserved 1114112K
  class space    used 6358K, committed 6464K, reserved 1048576K
}
Event: 10.689 GC heap before
{Heap before GC invocations=17 (full 0):
 garbage-first heap   total 56320K, used 45219K [0x000000008ac00000, 0x0000000100000000)
  region size 1024K, 16 young (16384K), 3 survivors (3072K)
 Metaspace       used 54233K, committed 54592K, reserved 1114112K
  class space    used 6409K, committed 6528K, reserved 1048576K
}
Event: 10.704 GC heap after
{Heap after GC invocations=18 (full 0):
 garbage-first heap   total 56320K, used 37333K [0x000000008ac00000, 0x0000000100000000)
  region size 1024K, 2 young (2048K), 2 survivors (2048K)
 Metaspace       used 54233K, committed 54592K, reserved 1114112K
  class space    used 6409K, committed 6528K, reserved 1048576K
}
Event: 10.957 GC heap before
{Heap before GC invocations=18 (full 0):
 garbage-first heap   total 56320K, used 47573K [0x000000008ac00000, 0x0000000100000000)
  region size 1024K, 12 young (12288K), 2 survivors (2048K)
 Metaspace       used 54795K, committed 55104K, reserved 1114112K
  class space    used 6477K, committed 6592K, reserved 1048576K
}
Event: 10.968 GC heap after
{Heap after GC invocations=19 (full 0):
 garbage-first heap   total 73728K, used 39835K [0x000000008ac00000, 0x0000000100000000)
  region size 1024K, 2 young (2048K), 2 survivors (2048K)
 Metaspace       used 54795K, committed 55104K, reserved 1114112K
  class space    used 6477K, committed 6592K, reserved 1048576K
}
Event: 11.048 GC heap before
{Heap before GC invocations=19 (full 0):
 garbage-first heap   total 73728K, used 59291K [0x000000008ac00000, 0x0000000100000000)
  region size 1024K, 21 young (21504K), 2 survivors (2048K)
 Metaspace       used 54823K, committed 55168K, reserved 1114112K
  class space    used 6477K, committed 6592K, reserved 1048576K
}
Event: 11.067 GC heap after
{Heap after GC invocations=20 (full 0):
 garbage-first heap   total 73728K, used 48085K [0x000000008ac00000, 0x0000000100000000)
  region size 1024K, 3 young (3072K), 3 survivors (3072K)
 Metaspace       used 54823K, committed 55168K, reserved 1114112K
  class space    used 6477K, committed 6592K, reserved 1048576K
}
Event: 11.268 GC heap before
{Heap before GC invocations=21 (full 0):
 garbage-first heap   total 80896K, used 62421K [0x000000008ac00000, 0x0000000100000000)
  region size 1024K, 17 young (17408K), 3 survivors (3072K)
 Metaspace       used 55050K, committed 55424K, reserved 1114112K
  class space    used 6510K, committed 6656K, reserved 1048576K
}
Event: 11.281 GC heap after
{Heap after GC invocations=22 (full 0):
 garbage-first heap   total 80896K, used 53195K [0x000000008ac00000, 0x0000000100000000)
  region size 1024K, 3 young (3072K), 3 survivors (3072K)
 Metaspace       used 55050K, committed 55424K, reserved 1114112K
  class space    used 6510K, committed 6656K, reserved 1048576K
}
Event: 11.767 GC heap before
{Heap before GC invocations=22 (full 0):
 garbage-first heap   total 80896K, used 67531K [0x000000008ac00000, 0x0000000100000000)
  region size 1024K, 17 young (17408K), 3 survivors (3072K)
 Metaspace       used 57595K, committed 57920K, reserved 1114112K
  class space    used 6788K, committed 6912K, reserved 1048576K
}
Event: 11.778 GC heap after
{Heap after GC invocations=23 (full 0):
 garbage-first heap   total 80896K, used 55765K [0x000000008ac00000, 0x0000000100000000)
  region size 1024K, 3 young (3072K), 3 survivors (3072K)
 Metaspace       used 57595K, committed 57920K, reserved 1114112K
  class space    used 6788K, committed 6912K, reserved 1048576K
}
Event: 12.223 GC heap before
{Heap before GC invocations=23 (full 0):
 garbage-first heap   total 80896K, used 68053K [0x000000008ac00000, 0x0000000100000000)
  region size 1024K, 16 young (16384K), 3 survivors (3072K)
 Metaspace       used 58972K, committed 59328K, reserved 1114112K
  class space    used 6937K, committed 7104K, reserved 1048576K
}
Event: 12.235 GC heap after
{Heap after GC invocations=24 (full 0):
 garbage-first heap   total 80896K, used 57693K [0x000000008ac00000, 0x0000000100000000)
  region size 1024K, 2 young (2048K), 2 survivors (2048K)
 Metaspace       used 58972K, committed 59328K, reserved 1114112K
  class space    used 6937K, committed 7104K, reserved 1048576K
}
Event: 12.579 GC heap before
{Heap before GC invocations=25 (full 0):
 garbage-first heap   total 97280K, used 71005K [0x000000008ac00000, 0x0000000100000000)
  region size 1024K, 15 young (15360K), 2 survivors (2048K)
 Metaspace       used 59261K, committed 59648K, reserved 1114112K
  class space    used 6945K, committed 7104K, reserved 1048576K
}
Event: 12.595 GC heap after
{Heap after GC invocations=26 (full 0):
 garbage-first heap   total 97280K, used 60887K [0x000000008ac00000, 0x0000000100000000)
  region size 1024K, 2 young (2048K), 2 survivors (2048K)
 Metaspace       used 59261K, committed 59648K, reserved 1114112K
  class space    used 6945K, committed 7104K, reserved 1048576K
}
Event: 13.097 GC heap before
{Heap before GC invocations=26 (full 0):
 garbage-first heap   total 97280K, used 81367K [0x000000008ac00000, 0x0000000100000000)
  region size 1024K, 23 young (23552K), 2 survivors (2048K)
 Metaspace       used 60046K, committed 60416K, reserved 1114112K
  class space    used 6988K, committed 7168K, reserved 1048576K
}

